#
# There is insufficient memory for the Java Runtime Environment to continue.
# Native memory allocation (mmap) failed to map 132120576 bytes for Failed to commit area from 0x0000000082600000 to 0x000000008a400000 of length 132120576.
# Possible reasons:
#   The system is out of physical RAM or swap space
#   The process is running with CompressedOops enabled, and the Java Heap may be blocking the growth of the native heap
# Possible solutions:
#   Reduce memory load on the system
#   Increase physical memory or swap space
#   Check if swap backing store is full
#   Decrease Java heap size (-Xmx/-Xms)
#   Decrease number of Java threads
#   Decrease Java thread stack sizes (-Xss)
#   Set larger code cache with -XX:ReservedCodeCacheSize=
# This output file may be truncated or incomplete.
#
#  Out of Memory Error (t:/workspace/open/src/hotspot/os/windows/os_windows.cpp:3301), pid=21964, tid=21860
#
# JRE version:  (13.0.1+9) (build )
# Java VM: Java HotSpot(TM) 64-Bit Server VM (13.0.1+9, mixed mode, aot, sharing, tiered, compressed oops, g1 gc, windows-amd64)
# No core dump will be written. Minidumps are not enabled by default on client versions of Windows
#

---------------  S U M M A R Y ------------

Command Line: -Dfile.encoding=UTF-8 demo02.Deskhelp

Host: Intel(R) Core(TM) i7-8750H CPU @ 2.20GHz, 12 cores, 7G,  Windows 10 , 64 bit Build 16299 (10.0.16299.1146)
Time: Sat Dec 14 16:02:03 2019 ?D1¨²¡À¨º¡Á?¨º¡À?? elapsed time: 0 seconds (0d 0h 0m 0s)

---------------  T H R E A D  ---------------

Current thread (0x0000024d7feeb800):  JavaThread "Unknown thread" [_thread_in_vm, id=21860, stack(0x000000e0af000000,0x000000e0af100000)]

Stack: [0x000000e0af000000,0x000000e0af100000]
Native frames: (J=compiled Java code, j=interpreted, Vv=VM code, C=native code)
V  [jvm.dll+0x626eca]
V  [jvm.dll+0x772c6a]
V  [jvm.dll+0x77441f]
V  [jvm.dll+0x774a23]
V  [jvm.dll+0x24da58]
V  [jvm.dll+0x62438a]
V  [jvm.dll+0x618f75]
V  [jvm.dll+0x30c61c]
V  [jvm.dll+0x30c452]
V  [jvm.dll+0x311bc6]
V  [jvm.dll+0x355ce6]
V  [jvm.dll+0x3554c0]
V  [jvm.dll+0x2e729a]
V  [jvm.dll+0x2e8532]
V  [jvm.dll+0x74fcd8]
V  [jvm.dll+0x363739]
V  [jvm.dll+0x732dc5]
V  [jvm.dll+0x3ce2ef]
V  [jvm.dll+0x3d0611]
C  [jli.dll+0x51ff]
C  [ucrtbase.dll+0x1fa95]
C  [KERNEL32.DLL+0x137e4]
C  [ntdll.dll+0x6cb81]


---------------  P R O C E S S  ---------------

Threads class SMR info:
_java_thread_list=0x00007ff837cb46b8, length=0, elements={
}

Java Threads: ( => current thread )

Other Threads:
  0x0000024d7ff2d000 GCTaskThread "GC Thread#0" [stack: 0x000000e0af100000,0x000000e0af200000] [id=20528]
  0x0000024d7ff40000 ConcurrentGCThread "G1 Main Marker" [stack: 0x000000e0af200000,0x000000e0af300000] [id=20676]
  0x0000024d7ff41800 ConcurrentGCThread "G1 Conc#0" [stack: 0x000000e0af300000,0x000000e0af400000] [id=22000]

[error occurred during error reporting (printing all threads), id 0xc0000005, EXCEPTION_ACCESS_VIOLATION (0xc0000005) at pc=0x00007ff8374e6f67]

VM state:not at safepoint (not fully initialized)

VM Mutex/Monitor currently owned by a thread:  ([mutex/lock_event])
[0x0000024d7fee6930] Heap_lock - owner thread: 0x0000024d7feeb800

Heap address: 0x0000000082600000, size: 2010 MB, Compressed Oops mode: Non-zero based: 0x0000000082600000
Narrow klass base: 0x0000000000000000, Narrow klass shift: 0

GC Heap History (0 events):
No events

Deoptimization events (0 events):
No events

Classes unloaded (0 events):
No events

Classes redefined (0 events):
No events

Internal exceptions (0 events):
No events

Events (8 events):
Event: 0.015 Loaded shared library D:\Java\jdk-13.0.1\bin\zip.dll
Event: 0.015 Loaded shared library D:\Java\jdk-13.0.1\bin\jimage.dll
Event: 0.017 Loading shared library D:\Java\jdk-13.0.1\lib\libjava.base-coop.dll failed, error code 126
Event: 0.017 Loading shared library D:\Java\jdk-13.0.1\lib\libjava.logging-coop.dll failed, error code 126
Event: 0.017 Loading shared library D:\Java\jdk-13.0.1\lib\libjdk.compiler-coop.dll failed, error code 126
Event: 0.017 Loading shared library D:\Java\jdk-13.0.1\lib\libjdk.scripting.nashorn-coop.dll failed, error code 126
Event: 0.017 Loading shared library D:\Java\jdk-13.0.1\lib\libjdk.internal.vm.ci-coop.dll failed, error code 126
Event: 0.017 Loading shared library D:\Java\jdk-13.0.1\lib\libjdk.internal.vm.compiler-coop.dll failed, error code 126


Dynamic libraries:
0x00007ff6d0b70000 - 0x00007ff6d0b7f000 	D:\Java\jdk-13.0.1\bin\javaw.exe
0x00007ff869340000 - 0x00007ff869520000 	C:\Windows\SYSTEM32\ntdll.dll
0x00007ff869260000 - 0x00007ff86930e000 	C:\Windows\System32\KERNEL32.DLL
0x00007ff8658c0000 - 0x00007ff865b26000 	C:\Windows\System32\KERNELBASE.dll
0x00007ff865740000 - 0x00007ff865834000 	C:\Windows\System32\ucrtbase.dll
0x00007ff85bff0000 - 0x00007ff85c008000 	D:\Java\jdk-13.0.1\bin\jli.dll
0x00007ff866810000 - 0x00007ff8668b1000 	C:\Windows\System32\ADVAPI32.dll
0x00007ff867260000 - 0x00007ff8672fd000 	C:\Windows\System32\msvcrt.dll
0x00007ff866fa0000 - 0x00007ff866ffb000 	C:\Windows\System32\sechost.dll
0x00007ff8674a0000 - 0x00007ff8675bf000 	C:\Windows\System32\RPCRT4.dll
0x00007ff8670d0000 - 0x00007ff86725f000 	C:\Windows\System32\USER32.dll
0x00007ff866750000 - 0x00007ff866770000 	C:\Windows\System32\win32u.dll
0x00007ff868c20000 - 0x00007ff868c48000 	C:\Windows\System32\GDI32.dll
0x00007ff8665b0000 - 0x00007ff866743000 	C:\Windows\System32\gdi32full.dll
0x00007ff866770000 - 0x00007ff86680b000 	C:\Windows\System32\msvcp_win.dll
0x00007ff85c010000 - 0x00007ff85c025000 	D:\Java\jdk-13.0.1\bin\VCRUNTIME140.dll
0x00007ff859bd0000 - 0x00007ff859e39000 	C:\Windows\WinSxS\amd64_microsoft.windows.common-controls_6595b64144ccf1df_6.0.16299.1504_none_0f88b60a5a6c73b1\COMCTL32.dll
0x00007ff866b20000 - 0x00007ff866e26000 	C:\Windows\System32\combase.dll
0x00007ff865840000 - 0x00007ff8658b8000 	C:\Windows\System32\bcryptPrimitives.dll
0x00007ff85f8f0000 - 0x00007ff85f8fa000 	C:\Windows\SYSTEM32\VERSION.dll
0x00007ff8668c0000 - 0x00007ff8668ed000 	C:\Windows\System32\IMM32.DLL
0x00007ff85bf50000 - 0x00007ff85bfeb000 	D:\Java\jdk-13.0.1\bin\msvcp140.dll
0x00007ff8371f0000 - 0x00007ff837d56000 	D:\Java\jdk-13.0.1\bin\server\jvm.dll
0x00007ff8677d0000 - 0x00007ff8677d8000 	C:\Windows\System32\PSAPI.DLL
0x00007ff8638b0000 - 0x00007ff8638d3000 	C:\Windows\SYSTEM32\WINMM.dll
0x00007ff85fa20000 - 0x00007ff85fa29000 	C:\Windows\SYSTEM32\WSOCK32.dll
0x00007ff867640000 - 0x00007ff8676ac000 	C:\Windows\System32\WS2_32.dll
0x00007ff863850000 - 0x00007ff86387a000 	C:\Windows\SYSTEM32\winmmbase.dll
0x00007ff865db0000 - 0x00007ff865dfa000 	C:\Windows\System32\cfgmgr32.dll
0x00007ff865720000 - 0x00007ff865731000 	C:\Windows\System32\kernel.appcore.dll
0x00007ff85fa10000 - 0x00007ff85fa20000 	D:\Java\jdk-13.0.1\bin\verify.dll
0x00007ff856210000 - 0x00007ff8563d8000 	C:\Windows\SYSTEM32\DBGHELP.DLL
0x00007ff855850000 - 0x00007ff855879000 	C:\Windows\SYSTEM32\dbgcore.DLL
0x00007ff85e280000 - 0x00007ff85e2a6000 	D:\Java\jdk-13.0.1\bin\java.dll
0x00007ff85d230000 - 0x00007ff85d247000 	D:\Java\jdk-13.0.1\bin\zip.dll
0x00007ff85d220000 - 0x00007ff85d22a000 	D:\Java\jdk-13.0.1\bin\jimage.dll

dbghelp: loaded successfully - version: 4.0.5 - missing functions: none
symbol engine: initialized successfully - sym options: 0x614 - pdb path: .;D:\Java\jdk-13.0.1\bin;C:\Windows\SYSTEM32;C:\Windows\WinSxS\amd64_microsoft.windows.common-controls_6595b64144ccf1df_6.0.16299.1504_none_0f88b60a5a6c73b1;D:\Java\jdk-13.0.1\bin\server

VM Arguments:
jvm_args: -Dfile.encoding=UTF-8 
java_command: demo02.Deskhelp
java_class_path (initial): D:\Java\eclipse\workspace\termEnd\bin;D:\Java\eclipse\plugins\org.eclipse.osgi_3.15.0.v20190830-1434.jar;D:\Java\eclipse\plugins\org.eclipse.core.commands_3.9.500.v20190805-1157.jar;D:\Java\eclipse\plugins\org.eclipse.equinox.common_3.10.500.v20190815-1535.jar;D:\Java\eclipse\plugins\org.eclipse.equinox.registry_3.8.500.v20190714-1850.jar;D:\Java\eclipse\plugins\org.eclipse.core.runtime_3.16.0.v20190823-1314.jar;D:\Java\eclipse\plugins\org.eclipse.text_3.9.0.v20190826-1019.jar;D:\Java\eclipse\plugins\org.eclipse.swt.win32.win32.x86_64_3.112.0.v20190904-0609.jar;D:\Java\eclipse\plugins\org.eclipse.jface_3.17.0.v20190820-1444.jar;D:\Java\eclipse\plugins\org.eclipse.jface.text_3.15.300.v20190819-0725.jar;D:\Java\eclipse\plugins\org.eclipse.ui.workbench_3.116.0.v20190826-1428.jar;D:\Java\eclipse\plugins\com.ibm.icu_64.2.0.v20190507-1337.jar;D:\Java\eclipse\plugins\org.eclipse.ui.forms_3.8.100.v20190625-1825.jar;D:\Java\eclipse\workspace\termEnd\jgoodies-common-1.8.0.jar;D:\Java\eclipse\workspace\termEnd\jgoodies-forms-1.8.0.jar
Launcher Type: SUN_STANDARD

[Global flags]
     intx CICompilerCount                          = 4                                         {product} {ergonomic}
     uint ConcGCThreads                            = 3                                         {product} {ergonomic}
     uint G1ConcRefinementThreads                  = 10                                        {product} {ergonomic}
   size_t G1HeapRegionSize                         = 1048576                                   {product} {ergonomic}
    uintx GCDrainStackTargetSize                   = 64                                        {product} {ergonomic}
   size_t InitialHeapSize                          = 132120576                                 {product} {ergonomic}
   size_t MarkStackSize                            = 4194304                                   {product} {ergonomic}
   size_t MaxHeapSize                              = 2107637760                                {product} {ergonomic}
   size_t MinHeapDeltaBytes                        = 1048576                                   {product} {ergonomic}
   size_t MinHeapSize                              = 8388608                                   {product} {ergonomic}
    uintx NonNMethodCodeHeapSize                   = 5836300                                {pd product} {ergonomic}
    uintx NonProfiledCodeHeapSize                  = 122910970                              {pd product} {ergonomic}
    uintx ProfiledCodeHeapSize                     = 122910970                              {pd product} {ergonomic}
    uintx ReservedCodeCacheSize                    = 251658240                              {pd product} {ergonomic}
     bool SegmentedCodeCache                       = true                                      {product} {ergonomic}
   size_t SoftMaxHeapSize                          = 2107637760                             {manageable} {ergonomic}
     bool UseCompressedClassPointers               = true                                 {lp64_product} {ergonomic}
     bool UseCompressedOops                        = true                                 {lp64_product} {ergonomic}
     bool UseG1GC                                  = true                                      {product} {ergonomic}
     bool UseLargePagesIndividualAllocation        = false                                  {pd product} {ergonomic}

Logging:
Log output configuration:
 #0: stdout all=warning uptime,level,tags
 #1: stderr all=off uptime,level,tags

Environment Variables:
JAVA_HOME=D:\Java\jdk-13.0.1
CLASSPATH=C:\Program Files (x86)\MySQL\Connector J 8.0\mysql-connector-java-8.0.18.jar
PATH=D:/Java/jdk-13.0.1/bin/server;D:/Java/jdk-13.0.1/bin;C:\Program Files (x86)\Common Files\Intel\Shared Libraries\redist\intel64\compiler;C:\Windows\system32;C:\Windows;C:\Windows\System32\Wbem;C:\Windows\System32\WindowsPowerShell\v1.0\;C:\Program Files (x86)\NVIDIA Corporation\PhysX\Common;D:\Java\jdk-13.0.1\bin;C:\Program Files\MySQL\MySQL Server 8.0\bin;C:\Program Files\MySQL\MySQL Shell 8.0\bin\;C:\Users\zrf\AppData\Local\Microsoft\WindowsApps;;D:\Java\eclipse;
USERNAME=zrf
OS=Windows_NT
PROCESSOR_IDENTIFIER=Intel64 Family 6 Model 158 Stepping 10, GenuineIntel



---------------  S Y S T E M  ---------------

OS: Windows 10 , 64 bit Build 16299 (10.0.16299.1146)

CPU:total 12 (initial active 12) (6 cores per cpu, 2 threads per core) family 6 model 158 stepping 10, cmov, cx8, fxsr, mmx, sse, sse2, sse3, ssse3, sse4.1, sse4.2, popcnt, avx, avx2, aes, clmul, erms, 3dnowpref, lzcnt, ht, tsc, tscinvbit, bmi1, bmi2, adx, fma

Memory: 4k page, system-wide physical 8038M (193M free)
TotalPageFile size 20837M (AvailPageFile size 49M)
current process WorkingSet (physical memory assigned to process): 10M, peak: 10M
current process commit charge ("private bytes"): 64M, peak: 190M

vm_info: Java HotSpot(TM) 64-Bit Server VM (13.0.1+9) for windows-amd64 JRE (13.0.1+9), built on Oct  6 2019 12:37:49 by "mach5one" with unknown MS VC++:1916

END.
